10-22-2019 15:31 [INFO] [MyPet] Error-Reporter ENABLED
10-22-2019 15:32 [INFO] [MyPet] Enabling MyPet v3.8
10-22-2019 15:32 [INFO] [MyPet] No Update available.
10-22-2019 15:32 [INFO] [MyPet] Custom entity registry found: net.minecraft.server.v1_14_R1.RegistryBlocks
10-22-2019 15:32 [INFO] [MyPet] Compat mode for v1_14_R1 loaded.
10-22-2019 15:32 [INFO] [MyPet] Exp calculation mode: MyPet
10-22-2019 15:32 [INFO] [MyPet] Current Exp-Cache is invalid, it will be recalculated.
10-22-2019 15:32 [INFO] [MyPet] Loading WorldGroups...
10-22-2019 15:32 [INFO] [MyPet]    added world to 'default' group.
10-22-2019 15:32 [INFO] [MyPet]    added world_nether to 'default' group.
10-22-2019 15:32 [INFO] [MyPet]    added world_the_end to 'default' group.
10-22-2019 15:32 [INFO] [MyPet]    added urban to 'default' group.
10-22-2019 15:32 [INFO] [MyPet]    added sigen to 'default' group.
10-22-2019 15:32 [INFO] [MyPet] Default skilltree files created.
10-22-2019 15:32 [INFO] [MyPet] Connect to SQLite database...
10-22-2019 15:32 [INFO] [MyPet] SQLite connection successful.
10-22-2019 15:32 [INFO] [MyPet] ProtocolLib (4.4.0) hook activated.
10-22-2019 15:32 [INFO] [MyPet] Vault (1.7.2-b107) (Economy: TheNewEconomy) (Permissions: LuckPerms) hook activated.
10-22-2019 15:32 [INFO] [MyPet] version 3.8-b1505 ENABLED
10-22-2019 17:09 [INFO] [MyPet] Disabling MyPet v3.8
10-22-2019 17:11 [INFO] [MyPet] Error-Reporter ENABLED
10-22-2019 17:11 [INFO] [MyPet] Enabling MyPet v3.8
10-22-2019 17:11 [INFO] [MyPet] No Update available.
10-22-2019 17:11 [INFO] [MyPet] Custom entity registry found: net.minecraft.server.v1_14_R1.RegistryBlocks
10-22-2019 17:11 [INFO] [MyPet] Compat mode for v1_14_R1 loaded.
10-22-2019 17:11 [INFO] [MyPet] Exp calculation mode: MyPet
10-22-2019 17:11 [INFO] [MyPet] Loading WorldGroups...
10-22-2019 17:11 [INFO] [MyPet]    added 'world' to 'default'
10-22-2019 17:11 [INFO] [MyPet]    added 'world_nether' to 'default'
10-22-2019 17:11 [INFO] [MyPet]    added 'world_the_end' to 'default'
10-22-2019 17:11 [INFO] [MyPet]    added 'urban' to 'default'
10-22-2019 17:11 [INFO] [MyPet]    added 'sigen' to 'default'
10-22-2019 17:11 [INFO] [MyPet] Connect to SQLite database...
10-22-2019 17:11 [INFO] [MyPet] SQLite connection successful.
10-22-2019 17:11 [INFO] [MyPet] ProtocolLib (4.4.0) hook activated.
10-22-2019 17:11 [INFO] [MyPet] Vault (1.7.2-b107) (Economy: TheNewEconomy) (Permissions: LuckPerms) hook activated.
10-22-2019 17:11 [INFO] [MyPet] WorldGuard (7.0.1-SNAPSHOT;556b638) hook activated.
10-22-2019 17:11 [INFO] [MyPet] version 3.8-b1505 ENABLED
10-27-2019 19:01 [INFO] [MyPet] Disabling MyPet v3.8
10-27-2019 19:03 [INFO] [MyPet] Error-Reporter ENABLED
10-27-2019 19:03 [INFO] [MyPet] Enabling MyPet v3.8
10-27-2019 19:03 [INFO] [MyPet] No Update available.
10-27-2019 19:03 [INFO] [MyPet] Custom entity registry found: net.minecraft.server.v1_14_R1.RegistryBlocks
10-27-2019 19:03 [INFO] [MyPet] Compat mode for v1_14_R1 loaded.
10-27-2019 19:03 [INFO] [MyPet] Exp calculation mode: MyPet
10-27-2019 19:03 [INFO] [MyPet] Loading WorldGroups...
10-27-2019 19:03 [INFO] [MyPet]    added 'world' to 'default'
10-27-2019 19:03 [INFO] [MyPet]    added 'world_nether' to 'default'
10-27-2019 19:03 [INFO] [MyPet]    added 'world_the_end' to 'default'
10-27-2019 19:03 [INFO] [MyPet]    added 'urban' to 'default'
10-27-2019 19:03 [INFO] [MyPet]    added 'sigen' to 'default'
10-27-2019 19:03 [INFO] [MyPet] Connect to SQLite database...
10-27-2019 19:03 [INFO] [MyPet] SQLite connection successful.
10-27-2019 19:03 [INFO] [MyPet] ProtocolLib (4.4.0) hook activated.
10-27-2019 19:03 [INFO] [MyPet] Vault (1.7.2-b107) (Economy: TheNewEconomy) (Permissions: LuckPerms) hook activated.
10-27-2019 19:03 [INFO] [MyPet] WorldGuard (7.0.1-SNAPSHOT;556b638) hook activated.
10-27-2019 19:03 [INFO] [MyPet] version 3.8-b1505 ENABLED
10-27-2019 19:04 [INFO] [MyPet] Disabling MyPet v3.8
10-27-2019 19:09 [INFO] [MyPet] Error-Reporter ENABLED
10-27-2019 19:09 [INFO] [MyPet] Enabling MyPet v3.8
10-27-2019 19:09 [INFO] [MyPet] No Update available.
10-27-2019 19:09 [INFO] [MyPet] Custom entity registry found: net.minecraft.server.v1_14_R1.RegistryBlocks
10-27-2019 19:09 [INFO] [MyPet] Compat mode for v1_14_R1 loaded.
10-27-2019 19:09 [INFO] [MyPet] Exp calculation mode: MyPet
10-27-2019 19:09 [INFO] [MyPet] Loading WorldGroups...
10-27-2019 19:09 [INFO] [MyPet]    added 'world' to 'default'
10-27-2019 19:09 [INFO] [MyPet]    added 'world_nether' to 'default'
10-27-2019 19:09 [INFO] [MyPet]    added 'world_the_end' to 'default'
10-27-2019 19:09 [INFO] [MyPet]    added 'urban' to 'default'
10-27-2019 19:09 [INFO] [MyPet]    added 'sigen' to 'default'
10-27-2019 19:09 [INFO] [MyPet] Connect to SQLite database...
10-27-2019 19:09 [INFO] [MyPet] SQLite connection successful.
10-27-2019 19:09 [INFO] [MyPet] ProtocolLib (4.4.0) hook activated.
10-27-2019 19:09 [INFO] [MyPet] Vault (1.7.2-b107) (Economy: TheNewEconomy) (Permissions: LuckPerms) hook activated.
10-27-2019 19:09 [INFO] [MyPet] WorldGuard (7.0.1-SNAPSHOT;556b638) hook activated.
10-27-2019 19:09 [INFO] [MyPet] version 3.8-b1505 ENABLED
10-27-2019 19:13 [INFO] [MyPet] Disabling MyPet v3.8
10-27-2019 19:14 [INFO] [MyPet] Error-Reporter ENABLED
10-27-2019 19:15 [INFO] [MyPet] Enabling MyPet v3.8
10-27-2019 19:15 [INFO] [MyPet] No Update available.
10-27-2019 19:15 [INFO] [MyPet] Custom entity registry found: net.minecraft.server.v1_14_R1.RegistryBlocks
10-27-2019 19:15 [INFO] [MyPet] Compat mode for v1_14_R1 loaded.
10-27-2019 19:15 [INFO] [MyPet] Exp calculation mode: MyPet
10-27-2019 19:15 [INFO] [MyPet] Loading WorldGroups...
10-27-2019 19:15 [INFO] [MyPet]    added 'world' to 'default'
10-27-2019 19:15 [INFO] [MyPet]    added 'world_nether' to 'default'
10-27-2019 19:15 [INFO] [MyPet]    added 'world_the_end' to 'default'
10-27-2019 19:15 [INFO] [MyPet]    added 'urban' to 'default'
10-27-2019 19:15 [INFO] [MyPet]    added 'sigen' to 'default'
10-27-2019 19:15 [INFO] [MyPet] Connect to SQLite database...
10-27-2019 19:15 [INFO] [MyPet] SQLite connection successful.
10-27-2019 19:15 [INFO] [MyPet] ProtocolLib (4.4.0) hook activated.
10-27-2019 19:15 [INFO] [MyPet] Vault (1.7.2-b107) (Economy: TheNewEconomy) (Permissions: LuckPerms) hook activated.
10-27-2019 19:15 [INFO] [MyPet] WorldGuard (7.0.1-SNAPSHOT;556b638) hook activated.
10-27-2019 19:15 [INFO] [MyPet] version 3.8-b1505 ENABLED
10-29-2019 21:30 [INFO] [MyPet] Disabling MyPet v3.8
10-29-2019 21:45 [INFO] [MyPet] Error-Reporter ENABLED
10-29-2019 21:46 [INFO] [MyPet] Enabling MyPet v3.8
10-29-2019 21:46 [INFO] [MyPet] No Update available.
10-29-2019 21:46 [INFO] [MyPet] Custom entity registry found: net.minecraft.server.v1_14_R1.RegistryBlocks
10-29-2019 21:46 [INFO] [MyPet] Compat mode for v1_14_R1 loaded.
10-29-2019 21:46 [INFO] [MyPet] Exp calculation mode: MyPet
10-29-2019 21:46 [INFO] [MyPet] Loading WorldGroups...
10-29-2019 21:46 [INFO] [MyPet]    added 'world' to 'default'
10-29-2019 21:46 [INFO] [MyPet]    added 'world_nether' to 'default'
10-29-2019 21:46 [INFO] [MyPet]    added 'world_the_end' to 'default'
10-29-2019 21:46 [INFO] [MyPet]    added 'urban' to 'default'
10-29-2019 21:46 [INFO] [MyPet]    added 'sigen' to 'default'
10-29-2019 21:46 [INFO] [MyPet] Connect to SQLite database...
10-29-2019 21:46 [INFO] [MyPet] SQLite connection successful.
10-29-2019 21:46 [INFO] [MyPet] ProtocolLib (4.4.0) hook activated.
10-29-2019 21:46 [INFO] [MyPet] Vault (1.7.2-b107) (Economy: TheNewEconomy) (Permissions: LuckPerms) hook activated.
10-29-2019 21:46 [INFO] [MyPet] WorldGuard (7.0.1-SNAPSHOT;556b638) hook activated.
10-29-2019 21:46 [INFO] [MyPet] version 3.8-b1505 ENABLED
11-14-2019 20:01 [INFO] [MyPet] Disabling MyPet v3.8
11-15-2019 18:34 [INFO] [MyPet] Error-Reporter ENABLED
11-15-2019 18:34 [INFO] [MyPet] Enabling MyPet v3.8
11-15-2019 18:34 [INFO] [MyPet] No Update available.
11-15-2019 18:34 [INFO] [MyPet] Custom entity registry found: net.minecraft.server.v1_14_R1.RegistryBlocks
11-15-2019 18:34 [INFO] [MyPet] Compat mode for v1_14_R1 loaded.
11-15-2019 18:34 [INFO] [MyPet] Exp calculation mode: MyPet
11-15-2019 18:34 [INFO] [MyPet] Loading WorldGroups...
11-15-2019 18:34 [INFO] [MyPet]    added 'world' to 'default'
11-15-2019 18:34 [INFO] [MyPet]    added 'world_nether' to 'default'
11-15-2019 18:34 [INFO] [MyPet]    added 'world_the_end' to 'default'
11-15-2019 18:34 [INFO] [MyPet]    added 'urban' to 'default'
11-15-2019 18:34 [INFO] [MyPet]    added 'sigen' to 'default'
11-15-2019 18:34 [INFO] [MyPet] Connect to SQLite database...
11-15-2019 18:34 [INFO] [MyPet] SQLite connection successful.
11-15-2019 18:34 [INFO] [MyPet] ProtocolLib (4.4.0) hook activated.
11-15-2019 18:34 [INFO] [MyPet] Vault (1.7.2-b107) (Economy: TheNewEconomy) (Permissions: LuckPerms) hook activated.
11-15-2019 18:34 [INFO] [MyPet] WorldGuard (7.0.1-SNAPSHOT;556b638) hook activated.
11-15-2019 18:34 [INFO] [MyPet] version 3.8-b1505 ENABLED
11-15-2019 18:34 [INFO] [MyPet] Disabling MyPet v3.8
11-19-2019 23:26 [INFO] [MyPet] Error-Reporter ENABLED
11-19-2019 23:27 [INFO] [MyPet] Enabling MyPet v3.8
11-19-2019 23:27 [INFO] [MyPet] No Update available.
11-19-2019 23:27 [INFO] [MyPet] Custom entity registry found: net.minecraft.server.v1_14_R1.RegistryBlocks
11-19-2019 23:27 [INFO] [MyPet] Compat mode for v1_14_R1 loaded.
11-19-2019 23:27 [INFO] [MyPet] Exp calculation mode: MyPet
11-19-2019 23:27 [INFO] [MyPet] Loading WorldGroups...
11-19-2019 23:27 [INFO] [MyPet]    added 'world' to 'default'
11-19-2019 23:27 [INFO] [MyPet]    added 'world_nether' to 'default'
11-19-2019 23:27 [INFO] [MyPet]    added 'world_the_end' to 'default'
11-19-2019 23:27 [INFO] [MyPet]    added 'urban' to 'default'
11-19-2019 23:27 [INFO] [MyPet]    added 'sigen' to 'default'
11-19-2019 23:27 [INFO] [MyPet] Connect to SQLite database...
11-19-2019 23:27 [INFO] [MyPet] SQLite connection successful.
11-19-2019 23:27 [INFO] [MyPet] ProtocolLib (4.4.0) hook activated.
11-19-2019 23:27 [INFO] [MyPet] Vault (1.7.2-b107) (Economy: TheNewEconomy) (Permissions: LuckPerms) hook activated.
11-19-2019 23:27 [INFO] [MyPet] WorldGuard (7.0.1-SNAPSHOT;556b638) hook activated.
11-19-2019 23:27 [INFO] [MyPet] version 3.8-b1505 ENABLED
11-19-2019 23:46 [INFO] [MyPet] Disabling MyPet v3.8
11-19-2019 23:47 [INFO] [MyPet] Error-Reporter ENABLED
11-19-2019 23:47 [INFO] [MyPet] Enabling MyPet v3.8
11-19-2019 23:48 [INFO] [MyPet] No Update available.
11-19-2019 23:48 [INFO] [MyPet] Custom entity registry found: net.minecraft.server.v1_14_R1.RegistryBlocks
11-19-2019 23:48 [INFO] [MyPet] Compat mode for v1_14_R1 loaded.
11-19-2019 23:48 [INFO] [MyPet] Exp calculation mode: MyPet
11-19-2019 23:48 [INFO] [MyPet] Loading WorldGroups...
11-19-2019 23:48 [INFO] [MyPet]    added 'world' to 'default'
11-19-2019 23:48 [INFO] [MyPet]    added 'world_nether' to 'default'
11-19-2019 23:48 [INFO] [MyPet]    added 'world_the_end' to 'default'
11-19-2019 23:48 [INFO] [MyPet]    added 'urban' to 'default'
11-19-2019 23:48 [INFO] [MyPet]    added 'sigen' to 'default'
11-19-2019 23:48 [INFO] [MyPet] Connect to SQLite database...
11-19-2019 23:48 [INFO] [MyPet] SQLite connection successful.
11-19-2019 23:48 [INFO] [MyPet] ProtocolLib (4.4.0) hook activated.
11-19-2019 23:48 [INFO] [MyPet] Vault (1.7.2-b107) (Economy: TheNewEconomy) (Permissions: LuckPerms) hook activated.
11-19-2019 23:48 [INFO] [MyPet] WorldGuard (7.0.1-SNAPSHOT;556b638) hook activated.
11-19-2019 23:48 [INFO] [MyPet] version 3.8-b1505 ENABLED
12-06-2019 16:41 [INFO] [MyPet] Disabling MyPet v3.8
12-06-2019 16:43 [INFO] [MyPet] Error-Reporter ENABLED
12-06-2019 16:43 [INFO] [MyPet] Enabling MyPet v3.8
12-06-2019 16:44 [INFO] [MyPet] No Update available.
12-06-2019 16:44 [INFO] [MyPet] Custom entity registry found: net.minecraft.server.v1_14_R1.RegistryBlocks
12-06-2019 16:44 [INFO] [MyPet] Compat mode for v1_14_R1 loaded.
12-06-2019 16:44 [INFO] [MyPet] Exp calculation mode: MyPet
12-06-2019 16:44 [INFO] [MyPet] Loading WorldGroups...
12-06-2019 16:44 [INFO] [MyPet]    added 'world' to 'default'
12-06-2019 16:44 [INFO] [MyPet]    added 'world_nether' to 'default'
12-06-2019 16:44 [INFO] [MyPet]    added 'world_the_end' to 'default'
12-06-2019 16:44 [INFO] [MyPet]    added 'urban' to 'default'
12-06-2019 16:44 [INFO] [MyPet]    added 'sigen' to 'default'
12-06-2019 16:44 [INFO] [MyPet] Connect to SQLite database...
12-06-2019 16:44 [INFO] [MyPet] SQLite connection successful.
12-06-2019 16:44 [INFO] [MyPet] ProtocolLib (4.4.0) hook activated.
12-06-2019 16:44 [INFO] [MyPet] Vault (1.7.2-b107) (Economy: TheNewEconomy) (Permissions: LuckPerms) hook activated.
12-06-2019 16:44 [INFO] [MyPet] WorldGuard (7.0.1-SNAPSHOT;556b638) hook activated.
12-06-2019 16:44 [INFO] [MyPet] version 3.8-b1505 ENABLED
12-12-2019 18:34 [INFO] [MyPet] Disabling MyPet v3.8
12-12-2019 18:57 [INFO] [MyPet] Error-Reporter ENABLED
12-12-2019 18:58 [INFO] [MyPet] Enabling MyPet v3.8
12-12-2019 18:58 [INFO] [MyPet] No Update available.
12-12-2019 18:58 [INFO] [MyPet] Custom entity registry found: net.minecraft.server.v1_14_R1.RegistryBlocks
12-12-2019 18:58 [INFO] [MyPet] Compat mode for v1_14_R1 loaded.
12-12-2019 18:58 [INFO] [MyPet] Exp calculation mode: MyPet
12-12-2019 18:58 [INFO] [MyPet] Loading WorldGroups...
12-12-2019 18:58 [INFO] [MyPet]    added 'world' to 'default'
12-12-2019 18:58 [INFO] [MyPet]    added 'world_nether' to 'default'
12-12-2019 18:58 [INFO] [MyPet]    added 'world_the_end' to 'default'
12-12-2019 18:58 [INFO] [MyPet]    added 'urban' to 'default'
12-12-2019 18:58 [INFO] [MyPet]    added 'sigen' to 'default'
12-12-2019 18:58 [INFO] [MyPet] Connect to SQLite database...
12-12-2019 18:58 [INFO] [MyPet] SQLite connection successful.
12-12-2019 18:58 [INFO] [MyPet] ProtocolLib (4.4.0) hook activated.
12-12-2019 18:58 [INFO] [MyPet] Vault (1.7.2-b107) (Economy: TheNewEconomy) (Permissions: LuckPerms) hook activated.
12-12-2019 18:58 [INFO] [MyPet] WorldGuard (7.0.1-SNAPSHOT;556b638) hook activated.
12-12-2019 18:58 [INFO] [MyPet] version 3.8-b1505 ENABLED
12-12-2019 20:22 [INFO] [MyPet] Disabling MyPet v3.8
12-12-2019 20:23 [INFO] [MyPet] Error-Reporter ENABLED
12-12-2019 20:23 [INFO] [MyPet] Enabling MyPet v3.8
12-12-2019 20:24 [INFO] [MyPet] No Update available.
12-12-2019 20:24 [INFO] [MyPet] Custom entity registry found: net.minecraft.server.v1_14_R1.RegistryBlocks
12-12-2019 20:24 [INFO] [MyPet] Compat mode for v1_14_R1 loaded.
12-12-2019 20:24 [INFO] [MyPet] Exp calculation mode: MyPet
12-12-2019 20:24 [INFO] [MyPet] Loading WorldGroups...
12-12-2019 20:24 [INFO] [MyPet]    added 'world' to 'default'
12-12-2019 20:24 [INFO] [MyPet]    added 'world_nether' to 'default'
12-12-2019 20:24 [INFO] [MyPet]    added 'world_the_end' to 'default'
12-12-2019 20:24 [INFO] [MyPet]    added 'urban' to 'default'
12-12-2019 20:24 [INFO] [MyPet]    added 'sigen' to 'default'
12-12-2019 20:24 [INFO] [MyPet] Connect to SQLite database...
12-12-2019 20:24 [INFO] [MyPet] SQLite connection successful.
12-12-2019 20:24 [INFO] [MyPet] ProtocolLib (4.4.0) hook activated.
12-12-2019 20:24 [INFO] [MyPet] Vault (1.7.2-b107) (Economy: TheNewEconomy) (Permissions: LuckPerms) hook activated.
12-12-2019 20:24 [INFO] [MyPet] WorldGuard (7.0.1-SNAPSHOT;556b638) hook activated.
12-12-2019 20:24 [INFO] [MyPet] version 3.8-b1505 ENABLED
12-31-2019 10:42 [INFO] [MyPet] Disabling MyPet v3.8
12-31-2019 10:51 [INFO] [MyPet] Error-Reporter ENABLED
12-31-2019 10:51 [INFO] [MyPet] Enabling MyPet v3.8
12-31-2019 10:51 [INFO] [MyPet] No Update available.
12-31-2019 10:51 [INFO] [MyPet] Custom entity registry found: net.minecraft.server.v1_14_R1.RegistryBlocks
12-31-2019 10:51 [INFO] [MyPet] Compat mode for v1_14_R1 loaded.
12-31-2019 10:51 [INFO] [MyPet] Exp calculation mode: MyPet
12-31-2019 10:51 [INFO] [MyPet] Loading WorldGroups...
12-31-2019 10:51 [INFO] [MyPet]    added 'world' to 'default'
12-31-2019 10:51 [INFO] [MyPet]    added 'world_nether' to 'default'
12-31-2019 10:51 [INFO] [MyPet]    added 'world_the_end' to 'default'
12-31-2019 10:51 [INFO] [MyPet]    added 'urban' to 'default'
12-31-2019 10:51 [INFO] [MyPet]    added 'sigen' to 'default'
12-31-2019 10:51 [INFO] [MyPet] Connect to SQLite database...
12-31-2019 10:51 [INFO] [MyPet] SQLite connection successful.
12-31-2019 10:51 [INFO] [MyPet] ProtocolLib (4.4.0) hook activated.
12-31-2019 10:51 [INFO] [MyPet] Vault (1.7.2-b107) (Economy: TheNewEconomy) (Permissions: LuckPerms) hook activated.
12-31-2019 10:51 [INFO] [MyPet] WorldGuard (7.0.1-SNAPSHOT;556b638) hook activated.
12-31-2019 10:51 [INFO] [MyPet] version 3.8-b1505 ENABLED
01-02-2020 15:22 [INFO] [MyPet] Disabling MyPet v3.8
01-02-2020 18:37 [INFO] [MyPet] Error-Reporter ENABLED
01-02-2020 18:38 [INFO] [MyPet] Enabling MyPet v3.8
01-02-2020 18:38 [INFO] [MyPet] No Update available.
01-02-2020 18:38 [INFO] [MyPet] Custom entity registry found: net.minecraft.server.v1_14_R1.RegistryBlocks
01-02-2020 18:38 [INFO] [MyPet] Compat mode for v1_14_R1 loaded.
01-02-2020 18:38 [INFO] [MyPet] Exp calculation mode: MyPet
01-02-2020 18:38 [INFO] [MyPet] Loading WorldGroups...
01-02-2020 18:38 [INFO] [MyPet]    added 'world' to 'default'
01-02-2020 18:38 [INFO] [MyPet]    added 'world_nether' to 'default'
01-02-2020 18:38 [INFO] [MyPet]    added 'world_the_end' to 'default'
01-02-2020 18:38 [INFO] [MyPet]    added 'urban' to 'default'
01-02-2020 18:38 [INFO] [MyPet]    added 'sigen' to 'default'
01-02-2020 18:38 [INFO] [MyPet] Connect to SQLite database...
01-02-2020 18:38 [INFO] [MyPet] SQLite connection successful.
01-02-2020 18:38 [INFO] [MyPet] ProtocolLib (4.4.0) hook activated.
01-02-2020 18:38 [INFO] [MyPet] Vault (1.7.2-b107) (Economy: TheNewEconomy) (Permissions: LuckPerms) hook activated.
01-02-2020 18:38 [INFO] [MyPet] WorldGuard (7.0.1-SNAPSHOT;556b638) hook activated.
01-02-2020 18:38 [INFO] [MyPet] version 3.8-b1505 ENABLED
01-03-2020 17:36 [INFO] [MyPet] Disabling MyPet v3.8
