[12:36:54] [Server thread/INFO]: Starting minecraft server version 1.14.4
[12:36:54] [Server thread/INFO]: Loading properties
[12:36:54] [Server thread/INFO]: This server is running Paper version git-Paper-238 (MC: 1.14.4) (Implementing API version 1.14.4-R0.1-SNAPSHOT)
[12:36:54] [Server thread/INFO]: Server Ping Player Sample Count: 12
[12:36:54] [Server thread/INFO]: Using 4 threads for Netty based IO
[12:36:54] [Server thread/INFO]: Debug logging is disabled
[12:36:54] [Server thread/INFO]: Default game type: SURVIVAL
[12:36:54] [Server thread/INFO]: Generating keypair
[12:36:54] [Server thread/INFO]: Starting Minecraft server on *:25365
[12:36:54] [Server thread/INFO]: Using epoll channel type
[12:36:55] [Server thread/INFO]: Server permissions file permissions.yml is empty, ignoring it
[12:36:55] [Server thread/INFO]: Preparing level "world"
[12:36:55] [Server thread/INFO]: Reloading ResourceManager: Default, bukkit
[12:37:14] [Server thread/INFO]: Loaded 6 recipes
[12:37:14] [Server thread/INFO]: -------- World Settings For [world] --------
[12:37:14] [Server thread/INFO]: Cactus Growth Modifier: 100%
[12:37:14] [Server thread/INFO]: Cane Growth Modifier: 100%
[12:37:14] [Server thread/INFO]: Melon Growth Modifier: 100%
[12:37:14] [Server thread/INFO]: Mushroom Growth Modifier: 100%
[12:37:14] [Server thread/INFO]: Pumpkin Growth Modifier: 100%
[12:37:14] [Server thread/INFO]: Sapling Growth Modifier: 100%
[12:37:14] [Server thread/INFO]: Beetroot Growth Modifier: 100%
[12:37:14] [Server thread/INFO]: Carrot Growth Modifier: 100%
[12:37:14] [Server thread/INFO]: Potato Growth Modifier: 100%
[12:37:14] [Server thread/INFO]: Wheat Growth Modifier: 100%
[12:37:14] [Server thread/INFO]: NetherWart Growth Modifier: 100%
[12:37:14] [Server thread/INFO]: Vine Growth Modifier: 100%
[12:37:14] [Server thread/INFO]: Cocoa Growth Modifier: 100%
[12:37:14] [Server thread/INFO]: Bamboo Growth Modifier: 100%
[12:37:14] [Server thread/INFO]: SweetBerry Growth Modifier: 100%
[12:37:14] [Server thread/INFO]: Kelp Growth Modifier: 100%
[12:37:14] [Server thread/INFO]: Entity Activation Range: An 32 / Mo 32 / Ra 48 / Mi 16 / Tiv true
[12:37:14] [Server thread/INFO]: Entity Tracking Range: Pl 48 / An 48 / Mo 48 / Mi 32 / Other 64
[12:37:14] [Server thread/INFO]: Mob Spawn Range: 8
[12:37:14] [Server thread/INFO]: Experience Merge Radius: 3.0
[12:37:14] [Server thread/INFO]: Hopper Transfer: 8 Hopper Check: 1 Hopper Amount: 1
[12:37:14] [Server thread/INFO]: Custom Map Seeds:  Village: 10387312 Desert: 14357617 Igloo: 14357618 Jungle: 14357619 Swamp: 14357620 Monument: 10387313Ocean: 14357621 Shipwreck: 165745295 Slime: 987234911
[12:37:14] [Server thread/INFO]: Max TNT Explosions: 100
[12:37:14] [Server thread/INFO]: Tile Max Tick Time: 50ms Entity max Tick Time: 50ms
[12:37:14] [Server thread/INFO]: View Distance: 10
[12:37:14] [Server thread/INFO]: Allow Zombie Pigmen to spawn from portal blocks: true
[12:37:14] [Server thread/INFO]: Item Merge Radius: 2.5
[12:37:14] [Server thread/INFO]: Item Despawn Rate: 6000
[12:37:14] [Server thread/INFO]: Arrow Despawn Rate: 1200
[12:37:14] [Server thread/INFO]: Zombie Aggressive Towards Villager: true
[12:37:14] [Server thread/INFO]: Nerfing mobs spawned from spawners: false
[12:37:14] [Server thread/INFO]: -------- World Settings For [world_nether] --------
[12:37:14] [Server thread/INFO]: Cactus Growth Modifier: 100%
[12:37:14] [Server thread/INFO]: Cane Growth Modifier: 100%
[12:37:14] [Server thread/INFO]: Melon Growth Modifier: 100%
[12:37:14] [Server thread/INFO]: Mushroom Growth Modifier: 100%
[12:37:14] [Server thread/INFO]: Pumpkin Growth Modifier: 100%
[12:37:14] [Server thread/INFO]: Sapling Growth Modifier: 100%
[12:37:14] [Server thread/INFO]: Beetroot Growth Modifier: 100%
[12:37:14] [Server thread/INFO]: Carrot Growth Modifier: 100%
[12:37:14] [Server thread/INFO]: Potato Growth Modifier: 100%
[12:37:14] [Server thread/INFO]: Wheat Growth Modifier: 100%
[12:37:14] [Server thread/INFO]: NetherWart Growth Modifier: 100%
[12:37:14] [Server thread/INFO]: Vine Growth Modifier: 100%
[12:37:14] [Server thread/INFO]: Cocoa Growth Modifier: 100%
[12:37:14] [Server thread/INFO]: Bamboo Growth Modifier: 100%
[12:37:14] [Server thread/INFO]: SweetBerry Growth Modifier: 100%
[12:37:14] [Server thread/INFO]: Kelp Growth Modifier: 100%
[12:37:14] [Server thread/INFO]: Entity Activation Range: An 32 / Mo 32 / Ra 48 / Mi 16 / Tiv true
[12:37:14] [Server thread/INFO]: Entity Tracking Range: Pl 48 / An 48 / Mo 48 / Mi 32 / Other 64
[12:37:14] [Server thread/INFO]: Mob Spawn Range: 8
[12:37:14] [Server thread/INFO]: Experience Merge Radius: 3.0
[12:37:14] [Server thread/INFO]: Hopper Transfer: 8 Hopper Check: 1 Hopper Amount: 1
[12:37:14] [Server thread/INFO]: Custom Map Seeds:  Village: 10387312 Desert: 14357617 Igloo: 14357618 Jungle: 14357619 Swamp: 14357620 Monument: 10387313Ocean: 14357621 Shipwreck: 165745295 Slime: 987234911
[12:37:14] [Server thread/INFO]: Max TNT Explosions: 100
[12:37:14] [Server thread/INFO]: Tile Max Tick Time: 50ms Entity max Tick Time: 50ms
[12:37:14] [Server thread/INFO]: View Distance: 10
[12:37:14] [Server thread/INFO]: Allow Zombie Pigmen to spawn from portal blocks: true
[12:37:14] [Server thread/INFO]: Item Merge Radius: 2.5
[12:37:14] [Server thread/INFO]: Item Despawn Rate: 6000
[12:37:14] [Server thread/INFO]: Arrow Despawn Rate: 1200
[12:37:14] [Server thread/INFO]: Zombie Aggressive Towards Villager: true
[12:37:14] [Server thread/INFO]: Nerfing mobs spawned from spawners: false
[12:37:14] [Server thread/INFO]: -------- World Settings For [world_the_end] --------
[12:37:14] [Server thread/INFO]: Cactus Growth Modifier: 100%
[12:37:14] [Server thread/INFO]: Cane Growth Modifier: 100%
[12:37:14] [Server thread/INFO]: Melon Growth Modifier: 100%
[12:37:14] [Server thread/INFO]: Mushroom Growth Modifier: 100%
[12:37:14] [Server thread/INFO]: Pumpkin Growth Modifier: 100%
[12:37:14] [Server thread/INFO]: Sapling Growth Modifier: 100%
[12:37:14] [Server thread/INFO]: Beetroot Growth Modifier: 100%
[12:37:14] [Server thread/INFO]: Carrot Growth Modifier: 100%
[12:37:14] [Server thread/INFO]: Potato Growth Modifier: 100%
[12:37:14] [Server thread/INFO]: Wheat Growth Modifier: 100%
[12:37:14] [Server thread/INFO]: NetherWart Growth Modifier: 100%
[12:37:14] [Server thread/INFO]: Vine Growth Modifier: 100%
[12:37:14] [Server thread/INFO]: Cocoa Growth Modifier: 100%
[12:37:14] [Server thread/INFO]: Bamboo Growth Modifier: 100%
[12:37:14] [Server thread/INFO]: SweetBerry Growth Modifier: 100%
[12:37:14] [Server thread/INFO]: Kelp Growth Modifier: 100%
[12:37:14] [Server thread/INFO]: Entity Activation Range: An 32 / Mo 32 / Ra 48 / Mi 16 / Tiv true
[12:37:14] [Server thread/INFO]: Entity Tracking Range: Pl 48 / An 48 / Mo 48 / Mi 32 / Other 64
[12:37:14] [Server thread/INFO]: Mob Spawn Range: 8
[12:37:14] [Server thread/INFO]: Experience Merge Radius: 3.0
[12:37:14] [Server thread/INFO]: Hopper Transfer: 8 Hopper Check: 1 Hopper Amount: 1
[12:37:14] [Server thread/INFO]: Custom Map Seeds:  Village: 10387312 Desert: 14357617 Igloo: 14357618 Jungle: 14357619 Swamp: 14357620 Monument: 10387313Ocean: 14357621 Shipwreck: 165745295 Slime: 987234911
[12:37:14] [Server thread/INFO]: Max TNT Explosions: 100
[12:37:14] [Server thread/INFO]: Tile Max Tick Time: 50ms Entity max Tick Time: 50ms
[12:37:14] [Server thread/INFO]: View Distance: 10
[12:37:14] [Server thread/INFO]: Allow Zombie Pigmen to spawn from portal blocks: true
[12:37:14] [Server thread/INFO]: Item Merge Radius: 2.5
[12:37:14] [Server thread/INFO]: Item Despawn Rate: 6000
[12:37:14] [Server thread/INFO]: Arrow Despawn Rate: 1200
[12:37:14] [Server thread/INFO]: Zombie Aggressive Towards Villager: true
[12:37:14] [Server thread/INFO]: Nerfing mobs spawned from spawners: false
[12:37:14] [Server thread/INFO]: Preparing start region for dimension 'world'/minecraft:overworld
[12:37:15] [Server thread/INFO]: Preparing spawn area: 0%
[12:37:15] [Server thread/INFO]: Preparing spawn area: 0%
[12:37:15] [Server thread/INFO]: Preparing spawn area: 61%
[12:37:19] [Server-Worker-1/INFO]: Preparing spawn area: 100%
[12:37:19] [Server-Worker-1/INFO]: Preparing spawn area: 100%
[12:37:19] [Server-Worker-1/INFO]: Preparing spawn area: 100%
[12:37:19] [Server-Worker-1/INFO]: Preparing spawn area: 100%
[12:37:19] [Server-Worker-1/INFO]: Preparing spawn area: 100%
[12:37:19] [Server-Worker-1/INFO]: Preparing spawn area: 100%
[12:37:19] [Server-Worker-1/INFO]: Preparing spawn area: 100%
[12:37:19] [Server-Worker-2/INFO]: Preparing spawn area: 100%
[12:37:20] [Server-Worker-2/INFO]: Preparing spawn area: 100%
[12:37:20] [Server-Worker-1/INFO]: Preparing spawn area: 100%
[12:37:21] [Server-Worker-2/INFO]: Preparing spawn area: 100%
[12:37:21] [Server thread/INFO]: Preparing spawn area: 100%
[12:37:22] [Server thread/INFO]: Preparing spawn area: 100%
[12:37:22] [Server-Worker-2/INFO]: Preparing spawn area: 100%
[12:37:23] [Server thread/INFO]: Preparing spawn area: 100%
[12:37:23] [Server thread/INFO]: Preparing spawn area: 100%
[12:37:24] [Server thread/INFO]: Loaded 441 spawn chunks for world world
[12:37:24] [Server thread/INFO]: Time elapsed: 9091 ms
[12:37:24] [Server thread/INFO]: Preparing start region for dimension 'world_nether'/minecraft:the_nether
[12:37:24] [Server thread/INFO]: Preparing spawn area: 0%
[12:37:24] [Server-Worker-1/INFO]: Preparing spawn area: 100%
[12:37:25] [Server-Worker-1/INFO]: Preparing spawn area: 100%
[12:37:25] [Server-Worker-2/INFO]: Preparing spawn area: 100%
[12:37:26] [Server-Worker-1/INFO]: Preparing spawn area: 100%
[12:37:26] [Server-Worker-1/INFO]: Preparing spawn area: 100%
[12:37:26] [Server thread/INFO]: Loaded 441 spawn chunks for world world_nether
[12:37:26] [Server thread/INFO]: Time elapsed: 2614 ms
[12:37:26] [Server thread/INFO]: Preparing start region for dimension 'world_the_end'/minecraft:the_end
[12:37:26] [Server thread/INFO]: Preparing spawn area: 0%
[12:37:27] [Server-Worker-2/INFO]: Preparing spawn area: 100%
[12:37:27] [Server thread/INFO]: Loaded 441 spawn chunks for world world_the_end
[12:37:27] [Server thread/INFO]: Time elapsed: 962 ms
[12:37:27] [Server thread/INFO]: Done (32.530s)! For help, type "help"
[12:37:27] [Server thread/INFO]: Timings Reset
[12:37:41] [User Authenticator #1/INFO]: UUID of player alphaRomeo323 is 930e79ca-60e5-4761-ab82-d3c00eb189c9
[12:37:42] [Server thread/INFO]: alphaRomeo323[/192.168.1.6:51322] logged in with entity id 234 at ([world]2.3638597636305896, 76.0, 234.52904040707867)
[12:37:59] [Server thread/INFO]: Made alphaRomeo323 a server operator
[12:39:26] [Server thread/INFO]: alphaRomeo323 lost connection: Disconnected
[12:39:26] [Server thread/INFO]: alphaRomeo323 left the game
[12:39:39] [Server thread/INFO]: [Server] サーバーを停止します。(10秒前)
[12:39:49] [Server thread/INFO]: Stopping the server
[12:39:49] [Server thread/INFO]: Stopping server
[12:39:49] [Server thread/INFO]: Saving players
[12:39:49] [Server thread/INFO]: Saving worlds
[12:39:49] [Server thread/INFO]: Saving chunks for level 'world'/minecraft:overworld
[12:39:50] [Server thread/INFO]: ThreadedAnvilChunkStorage (world): All chunks are saved
[12:39:50] [Server thread/INFO]: Saving chunks for level 'world_nether'/minecraft:the_nether
[12:39:50] [Server thread/INFO]: ThreadedAnvilChunkStorage (DIM-1): All chunks are saved
[12:39:50] [Server thread/INFO]: Saving chunks for level 'world_the_end'/minecraft:the_end
[12:39:50] [Server thread/INFO]: ThreadedAnvilChunkStorage (DIM1): All chunks are saved
[12:39:50] [Server thread/INFO]: ThreadedAnvilChunkStorage (world): All chunks are saved
[12:39:50] [Server thread/INFO]: ThreadedAnvilChunkStorage (DIM-1): All chunks are saved
[12:39:50] [Server thread/INFO]: ThreadedAnvilChunkStorage (DIM1): All chunks are saved
